TN:
SF:/Users/lilg/Develop/react-cool-starter/tools/testing/test-bundler.js
FNF:0
FNH:0
DA:7,1
DA:11,1
DA:12,1
DA:13,1
DA:15,1
DA:16,1
LF:6
LH:6
BRF:0
BRH:0
end_of_record
TN:
SF:/Users/lilg/Develop/react-cool-starter/src/components/UserCard/index.js
FN:,(anonymous_0)
FNF:1
FNH:1
FNDA:2,(anonymous_0)
DA:6,1
DA:7,2
DA:18,1
LF:3
LH:3
BRF:0
BRH:0
end_of_record
TN:
SF:/Users/lilg/Develop/react-cool-starter/src/components/UserList/index.js
FN:,(anonymous_0)
FN:,(anonymous_1)
FNF:2
FNH:2
FNDA:2,(anonymous_0)
FNDA:2,(anonymous_1)
DA:7,1
DA:8,2
DA:12,2
DA:20,1
LF:4
LH:4
BRF:0
BRH:0
end_of_record
TN:
SF:/Users/lilg/Develop/react-cool-starter/src/config/index.js
FNF:0
FNH:0
DA:1,1
LF:1
LH:1
BRDA:,0,0,1
BRDA:,0,1,0
BRF:2
BRH:1
end_of_record
TN:
SF:/Users/lilg/Develop/react-cool-starter/src/config/default.js
FNF:0
FNH:0
DA:1,1
LF:1
LH:1
BRDA:,0,0,1
BRDA:,0,1,1
BRF:2
BRH:2
end_of_record
TN:
SF:/Users/lilg/Develop/react-cool-starter/src/containers/App/index.js
FN:,(anonymous_0)
FNF:1
FNH:1
FNDA:3,(anonymous_0)
DA:8,1
DA:9,3
DA:20,1
LF:3
LH:3
BRF:0
BRH:0
end_of_record
TN:
SF:/Users/lilg/Develop/react-cool-starter/src/helper/storeFake.js
FN:,(anonymous_0)
FN:,(anonymous_1)
FN:,(anonymous_2)
FN:,(anonymous_3)
FN:,(anonymous_4)
FNF:5
FNH:4
FNDA:10,(anonymous_0)
FNDA:0,(anonymous_1)
FNDA:10,(anonymous_2)
FNDA:10,(anonymous_3)
FNDA:22,(anonymous_4)
DA:3,10
DA:7,22
LF:2
LH:2
BRF:0
BRH:0
end_of_record
TN:
SF:/Users/lilg/Develop/react-cool-starter/src/containers/Home/action.js
FN:,(anonymous_0)
FN:,(anonymous_1)
FN:,(anonymous_2)
FN:,(anonymous_3)
FN:,fetchDataIfNeeded
FNF:5
FNH:5
FNDA:2,(anonymous_0)
FNDA:2,(anonymous_1)
FNDA:1,(anonymous_2)
FNDA:1,(anonymous_3)
FNDA:5,fetchDataIfNeeded
DA:1,1
DA:2,1
DA:3,1
DA:4,1
DA:6,1
DA:9,2
DA:10,2
DA:12,2
DA:14,1
DA:17,1
LF:10
LH:10
BRF:0
BRH:0
end_of_record
TN:
SF:/Users/lilg/Develop/react-cool-starter/src/containers/Home/index.js
FN:,(anonymous_0)
FN:,(anonymous_1)
FN:,(anonymous_2)
FN:,(anonymous_3)
FN:,(anonymous_4)
FN:,(anonymous_5)
FNF:6
FNH:5
FNDA:5,(anonymous_0)
FNDA:5,(anonymous_1)
FNDA:0,(anonymous_2)
FNDA:5,(anonymous_3)
FNDA:5,(anonymous_4)
FNDA:5,(anonymous_5)
DA:14,5
DA:20,5
DA:23,5
DA:28,0
DA:32,5
DA:34,5
DA:36,3
DA:39,2
DA:40,1
DA:43,1
DA:47,5
DA:56,1
DA:61,5
LF:13
LH:12
BRDA:,0,0,3
BRDA:,0,1,2
BRDA:,1,0,5
BRDA:,1,1,5
BRDA:,1,2,3
BRDA:,2,0,1
BRDA:,2,1,1
BRF:7
BRH:7
end_of_record
TN:
SF:/Users/lilg/Develop/react-cool-starter/src/containers/Home/reducer.js
FN:,(anonymous_0)
FNF:1
FNH:1
FNDA:4,(anonymous_0)
DA:11,1
DA:17,4
DA:19,1
DA:23,1
DA:28,1
DA:33,1
LF:6
LH:6
BRDA:,0,0,4
BRDA:,1,0,1
BRDA:,1,1,1
BRDA:,1,2,1
BRDA:,1,3,1
BRF:5
BRH:5
end_of_record
TN:
SF:/Users/lilg/Develop/react-cool-starter/src/containers/NotFound/index.js
FN:,(anonymous_0)
FNF:1
FNH:1
FNDA:1,(anonymous_0)
DA:7,1
LF:1
LH:1
BRF:0
BRH:0
end_of_record
TN:
SF:/Users/lilg/Develop/react-cool-starter/src/containers/UserInfo/action.js
FN:,(anonymous_0)
FN:,(anonymous_1)
FN:,(anonymous_2)
FN:,(anonymous_3)
FN:,fetchDataIfNeeded
FNF:5
FNH:5
FNDA:2,(anonymous_0)
FNDA:2,(anonymous_1)
FNDA:1,(anonymous_2)
FNDA:1,(anonymous_3)
FNDA:5,fetchDataIfNeeded
DA:1,1
DA:2,1
DA:3,1
DA:5,1
DA:8,2
DA:9,2
DA:11,2
DA:13,1
DA:16,1
LF:9
LH:9
BRF:0
BRH:0
end_of_record
TN:
SF:/Users/lilg/Develop/react-cool-starter/src/containers/UserInfo/index.js
FN:,(anonymous_0)
FN:,(anonymous_1)
FN:,(anonymous_2)
FN:,(anonymous_3)
FN:,(anonymous_4)
FN:,(anonymous_5)
FNF:6
FNH:5
FNDA:5,(anonymous_0)
FNDA:5,(anonymous_1)
FNDA:0,(anonymous_2)
FNDA:5,(anonymous_3)
FNDA:5,(anonymous_4)
FNDA:5,(anonymous_5)
DA:14,5
DA:20,5
DA:23,5
DA:28,0
DA:32,5
DA:33,5
DA:35,5
DA:36,3
DA:39,2
DA:40,1
DA:43,1
DA:47,5
DA:56,1
DA:62,5
LF:14
LH:13
BRDA:,0,0,3
BRDA:,0,1,2
BRDA:,1,0,5
BRDA:,1,1,3
BRDA:,2,0,1
BRDA:,2,1,1
BRF:6
BRH:6
end_of_record
TN:
SF:/Users/lilg/Develop/react-cool-starter/src/containers/UserInfo/reducer.js
FN:,(anonymous_0)
FNF:1
FNH:1
FNDA:4,(anonymous_0)
DA:11,4
DA:13,1
DA:19,1
DA:26,1
DA:33,1
LF:5
LH:5
BRDA:,0,0,4
BRDA:,1,0,1
BRDA:,1,1,1
BRDA:,1,2,1
BRDA:,1,3,1
BRF:5
BRH:5
end_of_record
